[INFO] Scanning for projects...
[INFO] 
[INFO] --------------------------< com.vku:delivery >--------------------------
[INFO] Building delivery-automation-platform 0.0.1-SNAPSHOT
[INFO]   from pom.xml
[INFO] --------------------------------[ jar ]---------------------------------
[INFO] 
[INFO] >>> spring-boot:4.0.3:run (default-cli) > test-compile @ delivery >>>
[INFO] 
[INFO] --- resources:3.3.1:resources (default-resources) @ delivery ---
[INFO] Copying 1 resource from src/main/resources to target/classes
[INFO] Copying 0 resource from src/main/resources to target/classes
[INFO] 
[INFO] --- compiler:3.14.1:compile (default-compile) @ delivery ---
[INFO] Nothing to compile - all classes are up to date.
[INFO] 
[INFO] --- resources:3.3.1:testResources (default-testResources) @ delivery ---
[INFO] skip non existing resourceDirectory /home/thai/Desktop/Do_An/delivery-automation-platform/src/test/resources
[INFO] 
[INFO] --- compiler:3.14.1:testCompile (default-testCompile) @ delivery ---
[INFO] Nothing to compile - all classes are up to date.
[INFO] 
[INFO] <<< spring-boot:4.0.3:run (default-cli) < test-compile @ delivery <<<
[INFO] 
[INFO] 
[INFO] --- spring-boot:4.0.3:run (default-cli) @ delivery ---
[INFO] Attaching agents: []

  .   ____          _            __ _ _
 /\\ / ___'_ __ _ _(_)_ __  __ _ \ \ \ \
( ( )\___ | '_ | '_| | '_ \/ _` | \ \ \ \
 \\/  ___)| |_)| | | | | || (_| |  ) ) ) )
  '  |____| .__|_| |_|_| |_\__, | / / / /
 =========|_|==============|___/=/_/_/_/

 :: Spring Boot ::                (v4.0.3)

2026-05-08T16:45:14.406+07:00  INFO 41855 --- [           main] .d.DeliveryAutomationPlatformApplication : Starting DeliveryAutomationPlatformApplication using Java 17.0.18 with PID 41855 (/home/thai/Desktop/Do_An/delivery-automation-platform/target/classes started by thai in /home/thai/Desktop/Do_An/delivery-automation-platform)
2026-05-08T16:45:14.408+07:00  INFO 41855 --- [           main] .d.DeliveryAutomationPlatformApplication : No active profile set, falling back to 1 default profile: "default"
2026-05-08T16:45:14.640+07:00  INFO 41855 --- [           main] .s.d.r.c.RepositoryConfigurationDelegate : Bootstrapping Spring Data JPA repositories in DEFAULT mode.
2026-05-08T16:45:14.661+07:00  INFO 41855 --- [           main] .s.d.r.c.RepositoryConfigurationDelegate : Finished Spring Data repository scanning in 17 ms. Found 1 JPA repository interface.
2026-05-08T16:45:14.836+07:00  INFO 41855 --- [           main] o.s.boot.tomcat.TomcatWebServer          : Tomcat initialized with port 8080 (http)
2026-05-08T16:45:14.842+07:00  INFO 41855 --- [           main] o.apache.catalina.core.StandardService   : Starting service [Tomcat]
2026-05-08T16:45:14.842+07:00  INFO 41855 --- [           main] o.apache.catalina.core.StandardEngine    : Starting Servlet engine: [Apache Tomcat/11.0.18]
2026-05-08T16:45:14.860+07:00  INFO 41855 --- [           main] b.w.c.s.WebApplicationContextInitializer : Root WebApplicationContext: initialization completed in 429 ms
2026-05-08T16:45:14.928+07:00  INFO 41855 --- [           main] org.hibernate.orm.jpa                    : HHH008540: Processing PersistenceUnitInfo [name: default]
2026-05-08T16:45:14.949+07:00  INFO 41855 --- [           main] org.hibernate.orm.core                   : HHH000001: Hibernate ORM core version 7.2.4.Final
2026-05-08T16:45:15.104+07:00  INFO 41855 --- [           main] o.s.o.j.p.SpringPersistenceUnitInfo      : No LoadTimeWeaver setup: ignoring JPA class transformer
2026-05-08T16:45:15.120+07:00  INFO 41855 --- [           main] com.zaxxer.hikari.HikariDataSource       : HikariPool-1 - Starting...
2026-05-08T16:45:15.783+07:00  INFO 41855 --- [           main] com.zaxxer.hikari.pool.HikariPool        : HikariPool-1 - Added connection org.postgresql.jdbc.PgConnection@4f581211
2026-05-08T16:45:15.784+07:00  INFO 41855 --- [           main] com.zaxxer.hikari.HikariDataSource       : HikariPool-1 - Start completed.
2026-05-08T16:45:15.851+07:00  WARN 41855 --- [           main] org.hibernate.orm.deprecation            : HHH90000025: PostgreSQLDialect does not need to be specified explicitly using 'hibernate.dialect' (remove the property setting and it will be selected by default)
2026-05-08T16:45:16.040+07:00  INFO 41855 --- [           main] org.hibernate.orm.connections.pooling    : HHH10001005: Database info:
	Database JDBC URL [jdbc:postgresql://aws-1-ap-southeast-1.pooler.supabase.com:5432/postgres]
	Database driver: PostgreSQL JDBC Driver
	Database dialect: PostgreSQLDialect
	Database version: 17.6
	Default catalog/schema: postgres/public
	Autocommit mode: undefined/unknown
	Isolation level: READ_COMMITTED [default READ_COMMITTED]
	JDBC fetch size: none
	Pool: DataSourceConnectionProvider
	Minimum pool size: undefined/unknown
	Maximum pool size: undefined/unknown
2026-05-08T16:45:16.350+07:00  INFO 41855 --- [           main] org.hibernate.orm.core                   : HHH000489: No JTA platform available (set 'hibernate.transaction.jta.platform' to enable JTA platform integration)
2026-05-08T16:45:16.524+07:00  INFO 41855 --- [           main] j.LocalContainerEntityManagerFactoryBean : Initialized JPA EntityManagerFactory for persistence unit 'default'
2026-05-08T16:45:16.556+07:00  INFO 41855 --- [           main] o.s.d.j.r.query.QueryEnhancerFactories   : Hibernate is in classpath; If applicable, HQL parser will be used.
2026-05-08T16:45:16.909+07:00  WARN 41855 --- [           main] JpaBaseConfiguration$JpaWebConfiguration : spring.jpa.open-in-view is enabled by default. Therefore, database queries may be performed during view rendering. Explicitly configure spring.jpa.open-in-view to disable this warning
2026-05-08T16:45:17.028+07:00  INFO 41855 --- [           main] o.s.boot.tomcat.TomcatWebServer          : Tomcat started on port 8080 (http) with context path '/'
2026-05-08T16:45:17.030+07:00  INFO 41855 --- [           main] .d.DeliveryAutomationPlatformApplication : Started DeliveryAutomationPlatformApplication in 2.795 seconds (process running for 2.934)
2026-05-08T17:08:38.543+07:00  WARN 41855 --- [l-1:housekeeper] com.zaxxer.hikari.pool.PoolBase          : HikariPool-1 - Failed to validate connection org.postgresql.jdbc.PgConnection@fc1fd6d (This connection has been closed.). Possibly consider using a shorter maxLifetime value.
2026-05-08T17:08:58.394+07:00  WARN 41855 --- [l-1:housekeeper] com.zaxxer.hikari.pool.PoolBase          : HikariPool-1 - Failed to validate connection org.postgresql.jdbc.PgConnection@4f581211 (This connection has been closed.). Possibly consider using a shorter maxLifetime value.
2026-05-08T17:09:13.434+07:00  WARN 41855 --- [l-1:housekeeper] com.zaxxer.hikari.pool.PoolBase          : HikariPool-1 - Failed to validate connection org.postgresql.jdbc.PgConnection@25c60569 (This connection has been closed.). Possibly consider using a shorter maxLifetime value.
2026-05-08T17:09:30.603+07:00  WARN 41855 --- [l-1:housekeeper] com.zaxxer.hikari.pool.PoolBase          : HikariPool-1 - Failed to validate connection org.postgresql.jdbc.PgConnection@298b5355 (This connection has been closed.). Possibly consider using a shorter maxLifetime value.
2026-05-08T17:10:00.957+07:00  WARN 41855 --- [l-1:housekeeper] com.zaxxer.hikari.pool.PoolBase          : HikariPool-1 - Failed to validate connection org.postgresql.jdbc.PgConnection@fc201af (This connection has been closed.). Possibly consider using a shorter maxLifetime value.
2026-05-08T17:10:10.963+07:00  WARN 41855 --- [l-1:housekeeper] com.zaxxer.hikari.pool.PoolBase          : HikariPool-1 - Failed to validate connection org.postgresql.jdbc.PgConnection@3cfd18c5 (This connection has been closed.). Possibly consider using a shorter maxLifetime value.
2026-05-08T17:10:24.167+07:00  WARN 41855 --- [l-1:housekeeper] com.zaxxer.hikari.pool.PoolBase          : HikariPool-1 - Failed to validate connection org.postgresql.jdbc.PgConnection@6c4ed971 (This connection has been closed.). Possibly consider using a shorter maxLifetime value.
2026-05-08T17:10:34.177+07:00  WARN 41855 --- [l-1:housekeeper] com.zaxxer.hikari.pool.PoolBase          : HikariPool-1 - Failed to validate connection org.postgresql.jdbc.PgConnection@852bc39 (This connection has been closed.). Possibly consider using a shorter maxLifetime value.
2026-05-08T17:10:34.177+07:00  WARN 41855 --- [l-1:housekeeper] com.zaxxer.hikari.pool.HikariPool        : HikariPool-1 - Thread starvation or clock leap detected (housekeeper delta=48s272ms936µs294ns).
2026-05-08T17:10:44.186+07:00  WARN 41855 --- [l-1:housekeeper] com.zaxxer.hikari.pool.PoolBase          : HikariPool-1 - Failed to validate connection org.postgresql.jdbc.PgConnection@12dd290e (This connection has been closed.). Possibly consider using a shorter maxLifetime value.
2026-05-08T17:18:26.796+07:00  WARN 41855 --- [l-1:housekeeper] com.zaxxer.hikari.pool.PoolBase          : HikariPool-1 - Failed to validate connection org.postgresql.jdbc.PgConnection@3e1d4351 (This connection has been closed.). Possibly consider using a shorter maxLifetime value.
2026-05-08T17:19:07.518+07:00  WARN 41855 --- [l-1:housekeeper] com.zaxxer.hikari.pool.PoolBase          : HikariPool-1 - Failed to validate connection org.postgresql.jdbc.PgConnection@5a4f630b (This connection has been closed.). Possibly consider using a shorter maxLifetime value.
2026-05-08T17:19:17.529+07:00  WARN 41855 --- [l-1:housekeeper] com.zaxxer.hikari.pool.PoolBase          : HikariPool-1 - Failed to validate connection org.postgresql.jdbc.PgConnection@3113585a (This connection has been closed.). Possibly consider using a shorter maxLifetime value.
2026-05-08T17:19:27.540+07:00  WARN 41855 --- [l-1:housekeeper] com.zaxxer.hikari.pool.PoolBase          : HikariPool-1 - Failed to validate connection org.postgresql.jdbc.PgConnection@3c33a063 (This connection has been closed.). Possibly consider using a shorter maxLifetime value.
2026-05-08T17:19:37.551+07:00  WARN 41855 --- [l-1:housekeeper] com.zaxxer.hikari.pool.PoolBase          : HikariPool-1 - Failed to validate connection org.postgresql.jdbc.PgConnection@762b2ead (This connection has been closed.). Possibly consider using a shorter maxLifetime value.
2026-05-08T21:35:26.415+07:00  WARN 41855 --- [l-1:housekeeper] com.zaxxer.hikari.pool.PoolBase          : HikariPool-1 - Failed to validate connection org.postgresql.jdbc.PgConnection@21649b8f (This connection has been closed.). Possibly consider using a shorter maxLifetime value.
2026-05-08T21:35:36.426+07:00  WARN 41855 --- [l-1:housekeeper] com.zaxxer.hikari.pool.PoolBase          : HikariPool-1 - Failed to validate connection org.postgresql.jdbc.PgConnection@296031e6 (This connection has been closed.). Possibly consider using a shorter maxLifetime value.
2026-05-08T21:35:48.506+07:00  WARN 41855 --- [l-1:housekeeper] com.zaxxer.hikari.pool.PoolBase          : HikariPool-1 - Failed to validate connection org.postgresql.jdbc.PgConnection@badac19 (This connection has been closed.). Possibly consider using a shorter maxLifetime value.
2026-05-08T21:35:58.517+07:00  WARN 41855 --- [l-1:housekeeper] com.zaxxer.hikari.pool.PoolBase          : HikariPool-1 - Failed to validate connection org.postgresql.jdbc.PgConnection@604b0be6 (This connection has been closed.). Possibly consider using a shorter maxLifetime value.
2026-05-08T21:36:12.716+07:00  WARN 41855 --- [l-1:housekeeper] com.zaxxer.hikari.pool.PoolBase          : HikariPool-1 - Failed to validate connection org.postgresql.jdbc.PgConnection@208fc9d2 (This connection has been closed.). Possibly consider using a shorter maxLifetime value.
2026-05-08T21:36:22.726+07:00  WARN 41855 --- [l-1:housekeeper] com.zaxxer.hikari.pool.PoolBase          : HikariPool-1 - Failed to validate connection org.postgresql.jdbc.PgConnection@4af6aa40 (This connection has been closed.). Possibly consider using a shorter maxLifetime value.
2026-05-08T21:36:32.737+07:00  WARN 41855 --- [l-1:housekeeper] com.zaxxer.hikari.pool.PoolBase          : HikariPool-1 - Failed to validate connection org.postgresql.jdbc.PgConnection@7d0ed1c0 (This connection has been closed.). Possibly consider using a shorter maxLifetime value.
2026-05-08T21:36:42.747+07:00  WARN 41855 --- [l-1:housekeeper] com.zaxxer.hikari.pool.PoolBase          : HikariPool-1 - Failed to validate connection org.postgresql.jdbc.PgConnection@5616ec0 (This connection has been closed.). Possibly consider using a shorter maxLifetime value.
2026-05-08T21:36:52.754+07:00  WARN 41855 --- [l-1:housekeeper] com.zaxxer.hikari.pool.PoolBase          : HikariPool-1 - Failed to validate connection org.postgresql.jdbc.PgConnection@273bd7d7 (This connection has been closed.). Possibly consider using a shorter maxLifetime value.
2026-05-08T21:37:11.921+07:00  WARN 41855 --- [l-1:housekeeper] com.zaxxer.hikari.pool.PoolBase          : HikariPool-1 - Failed to validate connection org.postgresql.jdbc.PgConnection@4afdae (This connection has been closed.). Possibly consider using a shorter maxLifetime value.
2026-05-08T22:05:42.730+07:00  WARN 41855 --- [l-1:housekeeper] com.zaxxer.hikari.pool.PoolBase          : HikariPool-1 - Failed to validate connection org.postgresql.jdbc.PgConnection@ab4d0a2 (This connection has been closed.). Possibly consider using a shorter maxLifetime value.
2026-05-08T22:05:52.741+07:00  WARN 41855 --- [l-1:housekeeper] com.zaxxer.hikari.pool.PoolBase          : HikariPool-1 - Failed to validate connection org.postgresql.jdbc.PgConnection@5c00c3f9 (This connection has been closed.). Possibly consider using a shorter maxLifetime value.
2026-05-08T22:06:02.751+07:00  WARN 41855 --- [l-1:housekeeper] com.zaxxer.hikari.pool.PoolBase          : HikariPool-1 - Failed to validate connection org.postgresql.jdbc.PgConnection@7fa9b276 (This connection has been closed.). Possibly consider using a shorter maxLifetime value.
2026-05-08T22:06:02.751+07:00  WARN 41855 --- [l-1:housekeeper] com.zaxxer.hikari.pool.HikariPool        : HikariPool-1 - Thread starvation or clock leap detected (housekeeper delta=49s994ms558µs213ns).
2026-05-08T22:06:12.762+07:00  WARN 41855 --- [l-1:housekeeper] com.zaxxer.hikari.pool.PoolBase          : HikariPool-1 - Failed to validate connection org.postgresql.jdbc.PgConnection@1cd24cc3 (This connection has been closed.). Possibly consider using a shorter maxLifetime value.
2026-05-08T22:06:27.160+07:00  WARN 41855 --- [l-1:housekeeper] com.zaxxer.hikari.pool.PoolBase          : HikariPool-1 - Failed to validate connection org.postgresql.jdbc.PgConnection@5615b051 (This connection has been closed.). Possibly consider using a shorter maxLifetime value.
2026-05-08T22:06:45.589+07:00  WARN 41855 --- [l-1:housekeeper] com.zaxxer.hikari.pool.PoolBase          : HikariPool-1 - Failed to validate connection org.postgresql.jdbc.PgConnection@5247dca7 (This connection has been closed.). Possibly consider using a shorter maxLifetime value.
2026-05-08T22:06:55.595+07:00  WARN 41855 --- [l-1:housekeeper] com.zaxxer.hikari.pool.PoolBase          : HikariPool-1 - Failed to validate connection org.postgresql.jdbc.PgConnection@5435005f (This connection has been closed.). Possibly consider using a shorter maxLifetime value.
2026-05-08T22:07:12.745+07:00  WARN 41855 --- [l-1:housekeeper] com.zaxxer.hikari.pool.PoolBase          : HikariPool-1 - Failed to validate connection org.postgresql.jdbc.PgConnection@d0e5f42 (This connection has been closed.). Possibly consider using a shorter maxLifetime value.
2026-05-08T22:43:23.460+07:00  WARN 41855 --- [l-1:housekeeper] com.zaxxer.hikari.pool.PoolBase          : HikariPool-1 - Failed to validate connection org.postgresql.jdbc.PgConnection@55401043 (This connection has been closed.). Possibly consider using a shorter maxLifetime value.
2026-05-08T22:43:36.081+07:00  WARN 41855 --- [l-1:housekeeper] com.zaxxer.hikari.pool.PoolBase          : HikariPool-1 - Failed to validate connection org.postgresql.jdbc.PgConnection@44e39013 (This connection has been closed.). Possibly consider using a shorter maxLifetime value.
2026-05-08T22:43:41.245+07:00  WARN 41855 --- [l-1:housekeeper] com.zaxxer.hikari.pool.PoolBase          : HikariPool-1 - Failed to validate connection org.postgresql.jdbc.PgConnection@574a0bf9 (This connection has been closed.). Possibly consider using a shorter maxLifetime value.
2026-05-08T22:43:55.235+07:00  WARN 41855 --- [l-1:housekeeper] com.zaxxer.hikari.pool.PoolBase          : HikariPool-1 - Failed to validate connection org.postgresql.jdbc.PgConnection@3d3139da (This connection has been closed.). Possibly consider using a shorter maxLifetime value.
2026-05-08T22:44:05.246+07:00  WARN 41855 --- [l-1:housekeeper] com.zaxxer.hikari.pool.PoolBase          : HikariPool-1 - Failed to validate connection org.postgresql.jdbc.PgConnection@3ebcdf3c (This connection has been closed.). Possibly consider using a shorter maxLifetime value.
2026-05-08T22:44:15.257+07:00  WARN 41855 --- [l-1:housekeeper] com.zaxxer.hikari.pool.PoolBase          : HikariPool-1 - Failed to validate connection org.postgresql.jdbc.PgConnection@56e3732 (This connection has been closed.). Possibly consider using a shorter maxLifetime value.
2026-05-08T22:44:25.267+07:00  WARN 41855 --- [l-1:housekeeper] com.zaxxer.hikari.pool.PoolBase          : HikariPool-1 - Failed to validate connection org.postgresql.jdbc.PgConnection@4356ecc0 (This connection has been closed.). Possibly consider using a shorter maxLifetime value.
2026-05-08T22:44:35.277+07:00  WARN 41855 --- [l-1:housekeeper] com.zaxxer.hikari.pool.PoolBase          : HikariPool-1 - Failed to validate connection org.postgresql.jdbc.PgConnection@3c08515 (This connection has been closed.). Possibly consider using a shorter maxLifetime value.
2026-05-08T22:44:45.288+07:00  WARN 41855 --- [l-1:housekeeper] com.zaxxer.hikari.pool.PoolBase          : HikariPool-1 - Failed to validate connection org.postgresql.jdbc.PgConnection@3025f232 (This connection has been closed.). Possibly consider using a shorter maxLifetime value.
2026-05-08T22:44:45.288+07:00  WARN 41855 --- [l-1:housekeeper] com.zaxxer.hikari.pool.HikariPool        : HikariPool-1 - Thread starvation or clock leap detected (housekeeper delta=50s52ms682µs849ns).
2026-05-08T22:44:55.299+07:00  WARN 41855 --- [l-1:housekeeper] com.zaxxer.hikari.pool.PoolBase          : HikariPool-1 - Failed to validate connection org.postgresql.jdbc.PgConnection@5f9a9977 (This connection has been closed.). Possibly consider using a shorter maxLifetime value.
2026-05-08T23:07:54.414+07:00  WARN 41855 --- [l-1:housekeeper] com.zaxxer.hikari.pool.PoolBase          : HikariPool-1 - Failed to validate connection org.postgresql.jdbc.PgConnection@7f94248b (This connection has been closed.). Possibly consider using a shorter maxLifetime value.
2026-05-08T23:08:04.425+07:00  WARN 41855 --- [l-1:housekeeper] com.zaxxer.hikari.pool.PoolBase          : HikariPool-1 - Failed to validate connection org.postgresql.jdbc.PgConnection@358404da (This connection has been closed.). Possibly consider using a shorter maxLifetime value.
2026-05-08T23:08:14.434+07:00  WARN 41855 --- [l-1:housekeeper] com.zaxxer.hikari.pool.PoolBase          : HikariPool-1 - Failed to validate connection org.postgresql.jdbc.PgConnection@6dfbe7ec (This connection has been closed.). Possibly consider using a shorter maxLifetime value.
2026-05-08T23:08:27.360+07:00  WARN 41855 --- [l-1:housekeeper] com.zaxxer.hikari.pool.PoolBase          : HikariPool-1 - Failed to validate connection org.postgresql.jdbc.PgConnection@807b39b (This connection has been closed.). Possibly consider using a shorter maxLifetime value.
2026-05-08T23:08:37.370+07:00  WARN 41855 --- [l-1:housekeeper] com.zaxxer.hikari.pool.PoolBase          : HikariPool-1 - Failed to validate connection org.postgresql.jdbc.PgConnection@1cc890f8 (This connection has been closed.). Possibly consider using a shorter maxLifetime value.
2026-05-08T23:08:48.332+07:00  WARN 41855 --- [l-1:housekeeper] com.zaxxer.hikari.pool.PoolBase          : HikariPool-1 - Failed to validate connection org.postgresql.jdbc.PgConnection@3c069997 (This connection has been closed.). Possibly consider using a shorter maxLifetime value.
2026-05-08T23:09:03.602+07:00  WARN 41855 --- [l-1:housekeeper] com.zaxxer.hikari.pool.PoolBase          : HikariPool-1 - Failed to validate connection org.postgresql.jdbc.PgConnection@71a99e40 (This connection has been closed.). Possibly consider using a shorter maxLifetime value.
2026-05-08T23:09:19.862+07:00  WARN 41855 --- [l-1:housekeeper] com.zaxxer.hikari.pool.PoolBase          : HikariPool-1 - Failed to validate connection org.postgresql.jdbc.PgConnection@3ece9f12 (This connection has been closed.). Possibly consider using a shorter maxLifetime value.
2026-05-08T23:09:36.997+07:00  WARN 41855 --- [l-1:housekeeper] com.zaxxer.hikari.pool.PoolBase          : HikariPool-1 - Failed to validate connection org.postgresql.jdbc.PgConnection@24ce6596 (This connection has been closed.). Possibly consider using a shorter maxLifetime value.
2026-05-08T23:09:47.007+07:00  WARN 41855 --- [l-1:housekeeper] com.zaxxer.hikari.pool.PoolBase          : HikariPool-1 - Failed to validate connection org.postgresql.jdbc.PgConnection@563f193d (This connection has been closed.). Possibly consider using a shorter maxLifetime value.
2026-05-08T23:32:54.610+07:00  WARN 41855 --- [l-1:housekeeper] com.zaxxer.hikari.pool.PoolBase          : HikariPool-1 - Failed to validate connection org.postgresql.jdbc.PgConnection@156e38ee (This connection has been closed.). Possibly consider using a shorter maxLifetime value.
2026-05-08T23:33:10.120+07:00  WARN 41855 --- [l-1:housekeeper] com.zaxxer.hikari.pool.PoolBase          : HikariPool-1 - Failed to validate connection org.postgresql.jdbc.PgConnection@742813ec (This connection has been closed.). Possibly consider using a shorter maxLifetime value.
2026-05-08T23:33:46.488+07:00  WARN 41855 --- [l-1:housekeeper] com.zaxxer.hikari.pool.PoolBase          : HikariPool-1 - Failed to validate connection org.postgresql.jdbc.PgConnection@2bce3d21 (This connection has been closed.). Possibly consider using a shorter maxLifetime value.
2026-05-08T23:33:56.498+07:00  WARN 41855 --- [l-1:housekeeper] com.zaxxer.hikari.pool.PoolBase          : HikariPool-1 - Failed to validate connection org.postgresql.jdbc.PgConnection@796993ed (This connection has been closed.). Possibly consider using a shorter maxLifetime value.
2026-05-08T23:34:06.508+07:00  WARN 41855 --- [l-1:housekeeper] com.zaxxer.hikari.pool.PoolBase          : HikariPool-1 - Failed to validate connection org.postgresql.jdbc.PgConnection@1c281145 (This connection has been closed.). Possibly consider using a shorter maxLifetime value.
2026-05-08T23:34:16.519+07:00  WARN 41855 --- [l-1:housekeeper] com.zaxxer.hikari.pool.PoolBase          : HikariPool-1 - Failed to validate connection org.postgresql.jdbc.PgConnection@36e825da (This connection has been closed.). Possibly consider using a shorter maxLifetime value.
2026-05-08T23:34:26.530+07:00  WARN 41855 --- [l-1:housekeeper] com.zaxxer.hikari.pool.PoolBase          : HikariPool-1 - Failed to validate connection org.postgresql.jdbc.PgConnection@471f922 (This connection has been closed.). Possibly consider using a shorter maxLifetime value.
2026-05-08T23:34:26.530+07:00  WARN 41855 --- [l-1:housekeeper] com.zaxxer.hikari.pool.HikariPool        : HikariPool-1 - Thread starvation or clock leap detected (housekeeper delta=1m1s919ms514µs953ns).
2026-05-08T23:34:36.544+07:00  WARN 41855 --- [l-1:housekeeper] com.zaxxer.hikari.pool.PoolBase          : HikariPool-1 - Failed to validate connection org.postgresql.jdbc.PgConnection@29744f12 (This connection has been closed.). Possibly consider using a shorter maxLifetime value.
2026-05-08T23:34:46.554+07:00  WARN 41855 --- [l-1:housekeeper] com.zaxxer.hikari.pool.PoolBase          : HikariPool-1 - Failed to validate connection org.postgresql.jdbc.PgConnection@1a1ce7b (This connection has been closed.). Possibly consider using a shorter maxLifetime value.
2026-05-09T00:50:19.870+07:00  WARN 41855 --- [l-1:housekeeper] com.zaxxer.hikari.pool.PoolBase          : HikariPool-1 - Failed to validate connection org.postgresql.jdbc.PgConnection@3d5c15a2 (This connection has been closed.). Possibly consider using a shorter maxLifetime value.
2026-05-09T00:50:29.881+07:00  WARN 41855 --- [l-1:housekeeper] com.zaxxer.hikari.pool.PoolBase          : HikariPool-1 - Failed to validate connection org.postgresql.jdbc.PgConnection@2778232e (This connection has been closed.). Possibly consider using a shorter maxLifetime value.
2026-05-09T00:50:50.630+07:00  WARN 41855 --- [l-1:housekeeper] com.zaxxer.hikari.pool.PoolBase          : HikariPool-1 - Failed to validate connection org.postgresql.jdbc.PgConnection@216a71b (This connection has been closed.). Possibly consider using a shorter maxLifetime value.
2026-05-09T00:51:00.641+07:00  WARN 41855 --- [l-1:housekeeper] com.zaxxer.hikari.pool.PoolBase          : HikariPool-1 - Failed to validate connection org.postgresql.jdbc.PgConnection@16004dc5 (This connection has been closed.). Possibly consider using a shorter maxLifetime value.
2026-05-09T00:51:10.652+07:00  WARN 41855 --- [l-1:housekeeper] com.zaxxer.hikari.pool.PoolBase          : HikariPool-1 - Failed to validate connection org.postgresql.jdbc.PgConnection@690565ae (This connection has been closed.). Possibly consider using a shorter maxLifetime value.
2026-05-09T00:51:20.663+07:00  WARN 41855 --- [l-1:housekeeper] com.zaxxer.hikari.pool.PoolBase          : HikariPool-1 - Failed to validate connection org.postgresql.jdbc.PgConnection@2a74ef5e (This connection has been closed.). Possibly consider using a shorter maxLifetime value.
2026-05-09T00:51:30.673+07:00  WARN 41855 --- [l-1:housekeeper] com.zaxxer.hikari.pool.PoolBase          : HikariPool-1 - Failed to validate connection org.postgresql.jdbc.PgConnection@42c92aaa (This connection has been closed.). Possibly consider using a shorter maxLifetime value.
2026-05-09T00:51:40.684+07:00  WARN 41855 --- [l-1:housekeeper] com.zaxxer.hikari.pool.PoolBase          : HikariPool-1 - Failed to validate connection org.postgresql.jdbc.PgConnection@21ff3bfe (This connection has been closed.). Possibly consider using a shorter maxLifetime value.
2026-05-09T00:51:50.694+07:00  WARN 41855 --- [l-1:housekeeper] com.zaxxer.hikari.pool.PoolBase          : HikariPool-1 - Failed to validate connection org.postgresql.jdbc.PgConnection@3455e2cd (This connection has been closed.). Possibly consider using a shorter maxLifetime value.
2026-05-09T01:43:49.145+07:00  WARN 41855 --- [l-1:housekeeper] com.zaxxer.hikari.pool.PoolBase          : HikariPool-1 - Failed to validate connection org.postgresql.jdbc.PgConnection@2626b74a (This connection has been closed.). Possibly consider using a shorter maxLifetime value.
2026-05-09T01:43:59.156+07:00  WARN 41855 --- [l-1:housekeeper] com.zaxxer.hikari.pool.PoolBase          : HikariPool-1 - Failed to validate connection org.postgresql.jdbc.PgConnection@2e62242 (This connection has been closed.). Possibly consider using a shorter maxLifetime value.
2026-05-09T01:44:09.166+07:00  WARN 41855 --- [l-1:housekeeper] com.zaxxer.hikari.pool.PoolBase          : HikariPool-1 - Failed to validate connection org.postgresql.jdbc.PgConnection@1faa7d15 (This connection has been closed.). Possibly consider using a shorter maxLifetime value.
2026-05-09T01:44:19.176+07:00  WARN 41855 --- [l-1:housekeeper] com.zaxxer.hikari.pool.PoolBase          : HikariPool-1 - Failed to validate connection org.postgresql.jdbc.PgConnection@67cce2d8 (This connection has been closed.). Possibly consider using a shorter maxLifetime value.
2026-05-09T01:44:19.176+07:00  WARN 41855 --- [l-1:housekeeper] com.zaxxer.hikari.pool.HikariPool        : HikariPool-1 - Thread starvation or clock leap detected (housekeeper delta=58s466ms142µs330ns).
2026-05-09T01:44:25.422+07:00  WARN 41855 --- [l-1:housekeeper] com.zaxxer.hikari.pool.PoolBase          : HikariPool-1 - Failed to validate connection org.postgresql.jdbc.PgConnection@28d8774 (This connection has been closed.). Possibly consider using a shorter maxLifetime value.
2026-05-09T01:44:41.110+07:00  WARN 41855 --- [l-1:housekeeper] com.zaxxer.hikari.pool.PoolBase          : HikariPool-1 - Failed to validate connection org.postgresql.jdbc.PgConnection@616be5ba (This connection has been closed.). Possibly consider using a shorter maxLifetime value.
2026-05-09T01:44:52.566+07:00  WARN 41855 --- [l-1:housekeeper] com.zaxxer.hikari.pool.PoolBase          : HikariPool-1 - Failed to validate connection org.postgresql.jdbc.PgConnection@54c479f9 (This connection has been closed.). Possibly consider using a shorter maxLifetime value.
2026-05-09T01:45:09.020+07:00  WARN 41855 --- [l-1:housekeeper] com.zaxxer.hikari.pool.PoolBase          : HikariPool-1 - Failed to validate connection org.postgresql.jdbc.PgConnection@53acb31c (This connection has been closed.). Possibly consider using a shorter maxLifetime value.
2026-05-09T01:45:19.027+07:00  WARN 41855 --- [l-1:housekeeper] com.zaxxer.hikari.pool.PoolBase          : HikariPool-1 - Failed to validate connection org.postgresql.jdbc.PgConnection@796ed62d (This connection has been closed.). Possibly consider using a shorter maxLifetime value.
2026-05-09T01:45:29.038+07:00  WARN 41855 --- [l-1:housekeeper] com.zaxxer.hikari.pool.PoolBase          : HikariPool-1 - Failed to validate connection org.postgresql.jdbc.PgConnection@49a10b0 (This connection has been closed.). Possibly consider using a shorter maxLifetime value.
2026-05-09T02:12:25.414+07:00  WARN 41855 --- [l-1:housekeeper] com.zaxxer.hikari.pool.PoolBase          : HikariPool-1 - Failed to validate connection org.postgresql.jdbc.PgConnection@6b7553cf (This connection has been closed.). Possibly consider using a shorter maxLifetime value.
2026-05-09T02:12:35.425+07:00  WARN 41855 --- [l-1:housekeeper] com.zaxxer.hikari.pool.PoolBase          : HikariPool-1 - Failed to validate connection org.postgresql.jdbc.PgConnection@3ef35c66 (This connection has been closed.). Possibly consider using a shorter maxLifetime value.
2026-05-09T02:12:45.435+07:00  WARN 41855 --- [l-1:housekeeper] com.zaxxer.hikari.pool.PoolBase          : HikariPool-1 - Failed to validate connection org.postgresql.jdbc.PgConnection@3d37f385 (This connection has been closed.). Possibly consider using a shorter maxLifetime value.
2026-05-09T02:12:55.439+07:00  WARN 41855 --- [l-1:housekeeper] com.zaxxer.hikari.pool.PoolBase          : HikariPool-1 - Failed to validate connection org.postgresql.jdbc.PgConnection@36c13107 (This connection has been closed.). Possibly consider using a shorter maxLifetime value.
2026-05-09T02:13:05.449+07:00  WARN 41855 --- [l-1:housekeeper] com.zaxxer.hikari.pool.PoolBase          : HikariPool-1 - Failed to validate connection org.postgresql.jdbc.PgConnection@c27003e (This connection has been closed.). Possibly consider using a shorter maxLifetime value.
2026-05-09T02:13:15.460+07:00  WARN 41855 --- [l-1:housekeeper] com.zaxxer.hikari.pool.PoolBase          : HikariPool-1 - Failed to validate connection org.postgresql.jdbc.PgConnection@36164261 (This connection has been closed.). Possibly consider using a shorter maxLifetime value.
2026-05-09T02:13:40.834+07:00  WARN 41855 --- [l-1:housekeeper] com.zaxxer.hikari.pool.PoolBase          : HikariPool-1 - Failed to validate connection org.postgresql.jdbc.PgConnection@76898fff (This connection has been closed.). Possibly consider using a shorter maxLifetime value.
2026-05-09T02:13:50.841+07:00  WARN 41855 --- [l-1:housekeeper] com.zaxxer.hikari.pool.PoolBase          : HikariPool-1 - Failed to validate connection org.postgresql.jdbc.PgConnection@789d3949 (This connection has been closed.). Possibly consider using a shorter maxLifetime value.
2026-05-09T02:14:01.551+07:00  WARN 41855 --- [l-1:housekeeper] com.zaxxer.hikari.pool.PoolBase          : HikariPool-1 - Failed to validate connection org.postgresql.jdbc.PgConnection@5ec5ff11 (This connection has been closed.). Possibly consider using a shorter maxLifetime value.
2026-05-09T02:14:11.562+07:00  WARN 41855 --- [l-1:housekeeper] com.zaxxer.hikari.pool.PoolBase          : HikariPool-1 - Failed to validate connection org.postgresql.jdbc.PgConnection@3000c8cd (This connection has been closed.). Possibly consider using a shorter maxLifetime value.
2026-05-09T02:16:29.268+07:00  WARN 41855 --- [l-1:housekeeper] com.zaxxer.hikari.pool.PoolBase          : HikariPool-1 - Failed to validate connection org.postgresql.jdbc.PgConnection@60019ed5 (This connection has been closed.). Possibly consider using a shorter maxLifetime value.
2026-05-09T02:16:39.941+07:00  WARN 41855 --- [l-1:housekeeper] com.zaxxer.hikari.pool.PoolBase          : HikariPool-1 - Failed to validate connection org.postgresql.jdbc.PgConnection@734ac3b (This connection has been closed.). Possibly consider using a shorter maxLifetime value.
2026-05-09T02:16:48.031+07:00  WARN 41855 --- [l-1:housekeeper] com.zaxxer.hikari.pool.PoolBase          : HikariPool-1 - Failed to validate connection org.postgresql.jdbc.PgConnection@14a91da4 (This connection has been closed.). Possibly consider using a shorter maxLifetime value.
2026-05-09T02:16:58.041+07:00  WARN 41855 --- [l-1:housekeeper] com.zaxxer.hikari.pool.PoolBase          : HikariPool-1 - Failed to validate connection org.postgresql.jdbc.PgConnection@256aa54f (This connection has been closed.). Possibly consider using a shorter maxLifetime value.
2026-05-09T02:17:08.051+07:00  WARN 41855 --- [l-1:housekeeper] com.zaxxer.hikari.pool.PoolBase          : HikariPool-1 - Failed to validate connection org.postgresql.jdbc.PgConnection@17b43214 (This connection has been closed.). Possibly consider using a shorter maxLifetime value.
2026-05-09T02:17:08.051+07:00  WARN 41855 --- [l-1:housekeeper] com.zaxxer.hikari.pool.HikariPool        : HikariPool-1 - Thread starvation or clock leap detected (housekeeper delta=47s208ms329µs10ns).
2026-05-09T02:17:18.062+07:00  WARN 41855 --- [l-1:housekeeper] com.zaxxer.hikari.pool.PoolBase          : HikariPool-1 - Failed to validate connection org.postgresql.jdbc.PgConnection@25c7ace3 (This connection has been closed.). Possibly consider using a shorter maxLifetime value.
2026-05-09T02:17:29.500+07:00  WARN 41855 --- [l-1:housekeeper] com.zaxxer.hikari.pool.PoolBase          : HikariPool-1 - Failed to validate connection org.postgresql.jdbc.PgConnection@43502744 (This connection has been closed.). Possibly consider using a shorter maxLifetime value.
2026-05-09T02:17:41.107+07:00  WARN 41855 --- [l-1:housekeeper] com.zaxxer.hikari.pool.PoolBase          : HikariPool-1 - Failed to validate connection org.postgresql.jdbc.PgConnection@7f39ce86 (This connection has been closed.). Possibly consider using a shorter maxLifetime value.
2026-05-09T02:18:02.087+07:00  WARN 41855 --- [l-1:housekeeper] com.zaxxer.hikari.pool.PoolBase          : HikariPool-1 - Failed to validate connection org.postgresql.jdbc.PgConnection@609619d (This connection has been closed.). Possibly consider using a shorter maxLifetime value.
2026-05-09T02:18:13.530+07:00  WARN 41855 --- [l-1:housekeeper] com.zaxxer.hikari.pool.PoolBase          : HikariPool-1 - Failed to validate connection org.postgresql.jdbc.PgConnection@5eac3131 (This connection has been closed.). Possibly consider using a shorter maxLifetime value.
2026-05-09T02:32:39.756+07:00  WARN 41855 --- [l-1:housekeeper] com.zaxxer.hikari.pool.PoolBase          : HikariPool-1 - Failed to validate connection org.postgresql.jdbc.PgConnection@5f2be3b2 (This connection has been closed.). Possibly consider using a shorter maxLifetime value.
2026-05-09T02:32:54.245+07:00  WARN 41855 --- [l-1:housekeeper] com.zaxxer.hikari.pool.PoolBase          : HikariPool-1 - Failed to validate connection org.postgresql.jdbc.PgConnection@b77d876 (This connection has been closed.). Possibly consider using a shorter maxLifetime value.
2026-05-09T02:33:27.494+07:00  WARN 41855 --- [l-1:housekeeper] com.zaxxer.hikari.pool.PoolBase          : HikariPool-1 - Failed to validate connection org.postgresql.jdbc.PgConnection@244ad40 (This connection has been closed.). Possibly consider using a shorter maxLifetime value.
2026-05-09T02:33:54.206+07:00  WARN 41855 --- [l-1:housekeeper] com.zaxxer.hikari.pool.PoolBase          : HikariPool-1 - Failed to validate connection org.postgresql.jdbc.PgConnection@69e55ea3 (This connection has been closed.). Possibly consider using a shorter maxLifetime value.
2026-05-09T02:34:04.217+07:00  WARN 41855 --- [l-1:housekeeper] com.zaxxer.hikari.pool.PoolBase          : HikariPool-1 - Failed to validate connection org.postgresql.jdbc.PgConnection@5b4d6ba5 (This connection has been closed.). Possibly consider using a shorter maxLifetime value.
2026-05-09T22:13:49.910+07:00  WARN 41855 --- [l-1:housekeeper] com.zaxxer.hikari.pool.PoolBase          : HikariPool-1 - Failed to validate connection org.postgresql.jdbc.PgConnection@2cdd2b23 (This connection has been closed.). Possibly consider using a shorter maxLifetime value.
2026-05-09T22:13:59.920+07:00  WARN 41855 --- [l-1:housekeeper] com.zaxxer.hikari.pool.PoolBase          : HikariPool-1 - Failed to validate connection org.postgresql.jdbc.PgConnection@2bbc77f4 (This connection has been closed.). Possibly consider using a shorter maxLifetime value.
2026-05-09T22:14:12.835+07:00  WARN 41855 --- [l-1:housekeeper] com.zaxxer.hikari.pool.PoolBase          : HikariPool-1 - Failed to validate connection org.postgresql.jdbc.PgConnection@5725e04c (This connection has been closed.). Possibly consider using a shorter maxLifetime value.
2026-05-09T22:14:28.028+07:00  WARN 41855 --- [l-1:housekeeper] com.zaxxer.hikari.pool.PoolBase          : HikariPool-1 - Failed to validate connection org.postgresql.jdbc.PgConnection@5d8297bd (This connection has been closed.). Possibly consider using a shorter maxLifetime value.
2026-05-09T22:14:38.038+07:00  WARN 41855 --- [l-1:housekeeper] com.zaxxer.hikari.pool.PoolBase          : HikariPool-1 - Failed to validate connection org.postgresql.jdbc.PgConnection@1521af3b (This connection has been closed.). Possibly consider using a shorter maxLifetime value.
2026-05-09T22:14:48.049+07:00  WARN 41855 --- [l-1:housekeeper] com.zaxxer.hikari.pool.PoolBase          : HikariPool-1 - Failed to validate connection org.postgresql.jdbc.PgConnection@3c85dd4 (This connection has been closed.). Possibly consider using a shorter maxLifetime value.
2026-05-09T22:14:54.766+07:00  WARN 41855 --- [l-1:housekeeper] com.zaxxer.hikari.pool.PoolBase          : HikariPool-1 - Failed to validate connection org.postgresql.jdbc.PgConnection@641f03c (This connection has been closed.). Possibly consider using a shorter maxLifetime value.
2026-05-09T23:04:48.165+07:00  INFO 41855 --- [ionShutdownHook] o.s.boot.tomcat.GracefulShutdown         : Commencing graceful shutdown. Waiting for active requests to complete
2026-05-09T23:04:48.168+07:00  INFO 41855 --- [tomcat-shutdown] o.s.boot.tomcat.GracefulShutdown         : Graceful shutdown complete
2026-05-09T23:04:48.169+07:00  INFO 41855 --- [ionShutdownHook] j.LocalContainerEntityManagerFactoryBean : Closing JPA EntityManagerFactory for persistence unit 'default'
2026-05-09T23:04:48.170+07:00  INFO 41855 --- [ionShutdownHook] com.zaxxer.hikari.HikariDataSource       : HikariPool-1 - Shutdown initiated...
2026-05-09T23:04:48.429+07:00  INFO 41855 --- [ionShutdownHook] com.zaxxer.hikari.HikariDataSource       : HikariPool-1 - Shutdown completed.
